rtskit/build/intermediates/manifest_merge_blame_file/debug/manifest-merger-blame-debug-report.txt
1<?xml version="1.0" encoding="utf-8"?>
2<manifest xmlns:android="http://schemas.android.com/apk/res/android"
3    package="com.netease.nim.rtskit"
4    android:versionCode="140"
5    android:versionName="8.0.0" >
6
7    <uses-sdk
8        android:minSdkVersion="22"
8-->src\main\AndroidManifest.xml
9        android:targetSdkVersion="28" />
9-->src\main\AndroidManifest.xml
10
11    <application>
11-->src\main\AndroidManifest.xml:5:5-24:19
12
13        <!-- 白板 -->
14        <activity
14-->src\main\AndroidManifest.xml:8:9-13:63
15            android:name="com.netease.nim.rtskit.activity.RTSActivity"
15-->src\main\AndroidManifest.xml:9:13-49
16            android:launchMode="singleInstance"
16-->src\main\AndroidManifest.xml:10:13-48
17            android:screenOrientation="portrait"
17-->src\main\AndroidManifest.xml:11:13-49
18            android:theme="@style/AppTheme.NoActionBar"
18-->src\main\AndroidManifest.xml:12:13-56
19            android:windowSoftInputMode="stateAlwaysHidden" />
19-->src\main\AndroidManifest.xml:13:13-60
20
21        <!-- 申明白板会话的广播接收器，第三方APP集成时，action中的com.netease.nim.demo请替换为自己的包名 -->
22        <receiver
22-->src\main\AndroidManifest.xml:16:9-23:20
23            android:name="com.netease.nimlib.receiver.RTSBroadcastReceiver"
23-->src\main\AndroidManifest.xml:17:13-76
24            android:enabled="true"
24-->src\main\AndroidManifest.xml:18:13-35
25            android:exported="false" >
25-->src\main\AndroidManifest.xml:19:13-37
26            <intent-filter>
26-->src\main\AndroidManifest.xml:20:13-22:29
27                <action android:name="com.netease.nim.demo.ACTION.RECEIVE_RTS_NOTIFICATION" />
27-->src\main\AndroidManifest.xml:21:17-95
27-->src\main\AndroidManifest.xml:21:25-92
28            </intent-filter>
29        </receiver>
30    </application>
31
32</manifest>